<?xml version="1.0" encoding="UTF-8"?>
<testsuite xmlns:xsi="http://www.w3.org/2001/XMLSchema-instance" xsi:noNamespaceSchemaLocation="https://maven.apache.org/surefire/maven-surefire-plugin/xsd/surefire-test-report-3.0.xsd" version="3.0" name="com.example.MeasureServiceUnitTest" time="2.496" tests="3" errors="1" skipped="0" failures="0">
  <properties>
[...]
</properties>
  <testcase name="whenApplicationStarts_thenHibernateCreatesInitialRecords" classname="com.example.MeasureServiceUnitTest" time="0.486">
    <system-out><![CDATA[16:04:23.272 [main] INFO org.springframework.test.context.support.AnnotationConfigContextLoaderUtils -- Could not detect default configuration classes for test class [com.example.MeasureServiceUnitTest]: MeasureServiceUnitTest does not declare any static, non-private, non-final, nested classes annotated with @Configuration.
16:04:23.316 [main] INFO org.springframework.boot.test.context.SpringBootTestContextBootstrapper -- Found @SpringBootConfiguration com.example.App for test class com.example.MeasureServiceUnitTest

  .   ____          _            __ _ _
 /\\ / ___'_ __ _ _(_)_ __  __ _ \ \ \ \
( ( )\___ | '_ | '_| | '_ \/ _` | \ \ \ \
 \\/  ___)| |_)| | | | | || (_| |  ) ) ) )
  '  |____| .__|_| |_|_| |_\__, | / / / /
 =========|_|==============|___/=/_/_/_/
 :: Spring Boot ::                (v3.2.2)

2024-02-15T16:04:23.480+01:00  INFO 5981 --- [           main] com.example.MeasureServiceUnitTest       : Starting MeasureServiceUnitTest using Java 21.0.2 with PID 5981 (started by acaytan in /Users/acaytan/Documents/github/java_cloud_training/jct_rest_application)
2024-02-15T16:04:23.480+01:00  INFO 5981 --- [           main] com.example.MeasureServiceUnitTest       : No active profile set, falling back to 1 default profile: "default"
2024-02-15T16:04:23.761+01:00  INFO 5981 --- [           main] .s.d.r.c.RepositoryConfigurationDelegate : Bootstrapping Spring Data JPA repositories in DEFAULT mode.
2024-02-15T16:04:23.784+01:00  INFO 5981 --- [           main] .s.d.r.c.RepositoryConfigurationDelegate : Finished Spring Data repository scanning in 19 ms. Found 1 JPA repository interface.
2024-02-15T16:04:23.968+01:00  INFO 5981 --- [           main] com.zaxxer.hikari.HikariDataSource       : HikariPool-1 - Starting...
2024-02-15T16:04:24.056+01:00  INFO 5981 --- [           main] com.zaxxer.hikari.pool.HikariPool        : HikariPool-1 - Added connection conn0: url=jdbc:h2:mem:measuredb user=SA
2024-02-15T16:04:24.057+01:00  INFO 5981 --- [           main] com.zaxxer.hikari.HikariDataSource       : HikariPool-1 - Start completed.
2024-02-15T16:04:24.080+01:00  INFO 5981 --- [           main] o.hibernate.jpa.internal.util.LogHelper  : HHH000204: Processing PersistenceUnitInfo [name: default]
2024-02-15T16:04:24.110+01:00  INFO 5981 --- [           main] org.hibernate.Version                    : HHH000412: Hibernate ORM core version 6.4.1.Final
2024-02-15T16:04:24.134+01:00  INFO 5981 --- [           main] o.h.c.internal.RegionFactoryInitiator    : HHH000026: Second-level cache disabled
2024-02-15T16:04:24.250+01:00  INFO 5981 --- [           main] o.s.o.j.p.SpringPersistenceUnitInfo      : No LoadTimeWeaver setup: ignoring JPA class transformer
2024-02-15T16:04:24.651+01:00  INFO 5981 --- [           main] o.h.e.t.j.p.i.JtaPlatformInitiator       : HHH000489: No JTA platform available (set 'hibernate.transaction.jta.platform' to enable JTA platform integration)
2024-02-15T16:04:24.756+01:00  INFO 5981 --- [           main] j.LocalContainerEntityManagerFactoryBean : Initialized JPA EntityManagerFactory for persistence unit 'default'
2024-02-15T16:04:24.939+01:00  WARN 5981 --- [           main] JpaBaseConfiguration$JpaWebConfiguration : spring.jpa.open-in-view is enabled by default. Therefore, database queries may be performed during view rendering. Explicitly configure spring.jpa.open-in-view to disable this warning
2024-02-15T16:04:25.090+01:00  INFO 5981 --- [           main] o.s.b.a.h2.H2ConsoleAutoConfiguration    : H2 console available at '/h2-console'. Database available at 'jdbc:h2:mem:measuredb'
2024-02-15T16:04:25.117+01:00  INFO 5981 --- [           main] com.example.MeasureServiceUnitTest       : Started MeasureServiceUnitTest in 1.74 seconds (process running for 2.16)
]]></system-out>
    <system-err><![CDATA[WARNING: A Java agent has been loaded dynamically (/Users/acaytan/.m2/repository/net/bytebuddy/byte-buddy-agent/1.14.11/byte-buddy-agent-1.14.11.jar)
WARNING: If a serviceability tool is in use, please run with -XX:+EnableDynamicAgentLoading to hide this warning
WARNING: If a serviceability tool is not in use, please run with -Djdk.instrument.traceUsage for more information
WARNING: Dynamic loading of agents will be disallowed by default in a future release
]]></system-err>
  </testcase>
  <testcase name="findMeasuresByLicensePlate" classname="com.example.MeasureServiceUnitTest" time="0.048"/>
  <testcase name="saveMeasure" classname="com.example.MeasureServiceUnitTest" time="0.019">
    <error message="could not execute statement [Unique index or primary key violation: &quot;PRIMARY KEY ON PUBLIC.MEASURE(ID) ( /* key:1 */ 8, 0, 0, 5, 8, 436, 7, 8, CAST(1 AS BIGINT), &apos;QPP263&apos;)&quot;; SQL statement:&#10;insert into measure (entry_hour,entry_millisecond,entry_minute,entry_second,exit_hour,exit_millisecond,exit_minute,exit_second,license_plate,id) values (?,?,?,?,?,?,?,?,?,?) [23505-224]] [insert into measure (entry_hour,entry_millisecond,entry_minute,entry_second,exit_hour,exit_millisecond,exit_minute,exit_second,license_plate,id) values (?,?,?,?,?,?,?,?,?,?)]; SQL [insert into measure (entry_hour,entry_millisecond,entry_minute,entry_second,exit_hour,exit_millisecond,exit_minute,exit_second,license_plate,id) values (?,?,?,?,?,?,?,?,?,?)]; constraint [&quot;PRIMARY KEY ON PUBLIC.MEASURE(ID) ( /* key:1 */ 8, 0, 0, 5, 8, 436, 7, 8, CAST(1 AS BIGINT), &apos;QPP263&apos;)&quot;; SQL statement:&#10;insert into measure (entry_hour,entry_millisecond,entry_minute,entry_second,exit_hour,exit_millisecond,exit_minute,exit_second,license_plate,id) values (?,?,?,?,?,?,?,?,?,?) [23505-224]]" type="org.springframework.dao.DataIntegrityViolationException"><![CDATA[org.springframework.dao.DataIntegrityViolationException: 
could not execute statement [Unique index or primary key violation: "PRIMARY KEY ON PUBLIC.MEASURE(ID) ( /* key:1 */ 8, 0, 0, 5, 8, 436, 7, 8, CAST(1 AS BIGINT), 'QPP263')"; SQL statement:
insert into measure (entry_hour,entry_millisecond,entry_minute,entry_second,exit_hour,exit_millisecond,exit_minute,exit_second,license_plate,id) values (?,?,?,?,?,?,?,?,?,?) [23505-224]] [insert into measure (entry_hour,entry_millisecond,entry_minute,entry_second,exit_hour,exit_millisecond,exit_minute,exit_second,license_plate,id) values (?,?,?,?,?,?,?,?,?,?)]; SQL [insert into measure (entry_hour,entry_millisecond,entry_minute,entry_second,exit_hour,exit_millisecond,exit_minute,exit_second,license_plate,id) values (?,?,?,?,?,?,?,?,?,?)]; constraint ["PRIMARY KEY ON PUBLIC.MEASURE(ID) ( /* key:1 */ 8, 0, 0, 5, 8, 436, 7, 8, CAST(1 AS BIGINT), 'QPP263')"; SQL statement:
insert into measure (entry_hour,entry_millisecond,entry_minute,entry_second,exit_hour,exit_millisecond,exit_minute,exit_second,license_plate,id) values (?,?,?,?,?,?,?,?,?,?) [23505-224]]
	at org.springframework.orm.jpa.vendor.HibernateJpaDialect.convertHibernateAccessException(HibernateJpaDialect.java:290)
	at org.springframework.orm.jpa.vendor.HibernateJpaDialect.translateExceptionIfPossible(HibernateJpaDialect.java:241)
	at org.springframework.orm.jpa.JpaTransactionManager.doCommit(JpaTransactionManager.java:565)
	at org.springframework.transaction.support.AbstractPlatformTransactionManager.processCommit(AbstractPlatformTransactionManager.java:794)
	at org.springframework.transaction.support.AbstractPlatformTransactionManager.commit(AbstractPlatformTransactionManager.java:757)
	at org.springframework.transaction.interceptor.TransactionAspectSupport.commitTransactionAfterReturning(TransactionAspectSupport.java:669)
	at org.springframework.transaction.interceptor.TransactionAspectSupport.invokeWithinTransaction(TransactionAspectSupport.java:419)
	at org.springframework.transaction.interceptor.TransactionInterceptor.invoke(TransactionInterceptor.java:119)
	at org.springframework.aop.framework.ReflectiveMethodInvocation.proceed(ReflectiveMethodInvocation.java:184)
	at org.springframework.dao.support.PersistenceExceptionTranslationInterceptor.invoke(PersistenceExceptionTranslationInterceptor.java:137)
	at org.springframework.aop.framework.ReflectiveMethodInvocation.proceed(ReflectiveMethodInvocation.java:184)
	at org.springframework.data.jpa.repository.support.CrudMethodMetadataPostProcessor$CrudMethodMetadataPopulatingMethodInterceptor.invoke(CrudMethodMetadataPostProcessor.java:164)
	at org.springframework.aop.framework.ReflectiveMethodInvocation.proceed(ReflectiveMethodInvocation.java:184)
	at org.springframework.aop.interceptor.ExposeInvocationInterceptor.invoke(ExposeInvocationInterceptor.java:97)
	at org.springframework.aop.framework.ReflectiveMethodInvocation.proceed(ReflectiveMethodInvocation.java:184)
	at org.springframework.aop.framework.JdkDynamicAopProxy.invoke(JdkDynamicAopProxy.java:220)
	at jdk.proxy2/jdk.proxy2.$Proxy109.save(Unknown Source)
	at com.example.controller.MeasureController.addMeasure(MeasureController.java:31)
	at com.example.MeasureServiceUnitTest.saveMeasure(MeasureServiceUnitTest.java:47)
	at java.base/java.lang.reflect.Method.invoke(Method.java:580)
	at java.base/java.util.ArrayList.forEach(ArrayList.java:1596)
	at java.base/java.util.ArrayList.forEach(ArrayList.java:1596)
Caused by: org.hibernate.exception.ConstraintViolationException: could not execute statement [Unique index or primary key violation: "PRIMARY KEY ON PUBLIC.MEASURE(ID) ( /* key:1 */ 8, 0, 0, 5, 8, 436, 7, 8, CAST(1 AS BIGINT), 'QPP263')"; SQL statement:
insert into measure (entry_hour,entry_millisecond,entry_minute,entry_second,exit_hour,exit_millisecond,exit_minute,exit_second,license_plate,id) values (?,?,?,?,?,?,?,?,?,?) [23505-224]] [insert into measure (entry_hour,entry_millisecond,entry_minute,entry_second,exit_hour,exit_millisecond,exit_minute,exit_second,license_plate,id) values (?,?,?,?,?,?,?,?,?,?)]
	at org.hibernate.exception.internal.SQLExceptionTypeDelegate.convert(SQLExceptionTypeDelegate.java:62)
	at org.hibernate.exception.internal.StandardSQLExceptionConverter.convert(StandardSQLExceptionConverter.java:58)
	at org.hibernate.engine.jdbc.spi.SqlExceptionHelper.convert(SqlExceptionHelper.java:108)
	at org.hibernate.engine.jdbc.internal.ResultSetReturnImpl.executeUpdate(ResultSetReturnImpl.java:197)
	at org.hibernate.engine.jdbc.mutation.internal.AbstractMutationExecutor.performNonBatchedMutation(AbstractMutationExecutor.java:107)
	at org.hibernate.engine.jdbc.mutation.internal.MutationExecutorSingleNonBatched.performNonBatchedOperations(MutationExecutorSingleNonBatched.java:40)
	at org.hibernate.engine.jdbc.mutation.internal.AbstractMutationExecutor.execute(AbstractMutationExecutor.java:52)
	at org.hibernate.persister.entity.mutation.InsertCoordinator.doStaticInserts(InsertCoordinator.java:175)
	at org.hibernate.persister.entity.mutation.InsertCoordinator.coordinateInsert(InsertCoordinator.java:113)
	at org.hibernate.persister.entity.AbstractEntityPersister.insert(AbstractEntityPersister.java:2873)
	at org.hibernate.action.internal.EntityInsertAction.execute(EntityInsertAction.java:104)
	at org.hibernate.engine.spi.ActionQueue.executeActions(ActionQueue.java:632)
	at org.hibernate.engine.spi.ActionQueue.executeActions(ActionQueue.java:499)
	at org.hibernate.event.internal.AbstractFlushingEventListener.performExecutions(AbstractFlushingEventListener.java:363)
	at org.hibernate.event.internal.DefaultFlushEventListener.onFlush(DefaultFlushEventListener.java:41)
	at org.hibernate.event.service.internal.EventListenerGroupImpl.fireEventOnEachListener(EventListenerGroupImpl.java:127)
	at org.hibernate.internal.SessionImpl.doFlush(SessionImpl.java:1423)
	at org.hibernate.internal.SessionImpl.managedFlush(SessionImpl.java:504)
	at org.hibernate.internal.SessionImpl.flushBeforeTransactionCompletion(SessionImpl.java:2339)
	at org.hibernate.internal.SessionImpl.beforeTransactionCompletion(SessionImpl.java:1996)
	at org.hibernate.engine.jdbc.internal.JdbcCoordinatorImpl.beforeTransactionCompletion(JdbcCoordinatorImpl.java:439)
	at org.hibernate.resource.transaction.backend.jdbc.internal.JdbcResourceLocalTransactionCoordinatorImpl.beforeCompletionCallback(JdbcResourceLocalTransactionCoordinatorImpl.java:169)
	at org.hibernate.resource.transaction.backend.jdbc.internal.JdbcResourceLocalTransactionCoordinatorImpl$TransactionDriverControlImpl.commit(JdbcResourceLocalTransactionCoordinatorImpl.java:267)
	at org.hibernate.engine.transaction.internal.TransactionImpl.commit(TransactionImpl.java:101)
	at org.springframework.orm.jpa.JpaTransactionManager.doCommit(JpaTransactionManager.java:561)
	... 19 more
Caused by: org.h2.jdbc.JdbcSQLIntegrityConstraintViolationException: Unique index or primary key violation: "PRIMARY KEY ON PUBLIC.MEASURE(ID) ( /* key:1 */ 8, 0, 0, 5, 8, 436, 7, 8, CAST(1 AS BIGINT), 'QPP263')"; SQL statement:
insert into measure (entry_hour,entry_millisecond,entry_minute,entry_second,exit_hour,exit_millisecond,exit_minute,exit_second,license_plate,id) values (?,?,?,?,?,?,?,?,?,?) [23505-224]
	at org.h2.message.DbException.getJdbcSQLException(DbException.java:520)
	at org.h2.message.DbException.getJdbcSQLException(DbException.java:489)
	at org.h2.message.DbException.get(DbException.java:223)
	at org.h2.message.DbException.get(DbException.java:199)
	at org.h2.mvstore.db.MVPrimaryIndex.add(MVPrimaryIndex.java:120)
	at org.h2.mvstore.db.MVTable.addRow(MVTable.java:519)
	at org.h2.command.dml.Insert.insertRows(Insert.java:174)
	at org.h2.command.dml.Insert.update(Insert.java:135)
	at org.h2.command.dml.DataChangeStatement.update(DataChangeStatement.java:74)
	at org.h2.command.CommandContainer.update(CommandContainer.java:169)
	at org.h2.command.Command.executeUpdate(Command.java:256)
	at org.h2.jdbc.JdbcPreparedStatement.executeUpdateInternal(JdbcPreparedStatement.java:216)
	at org.h2.jdbc.JdbcPreparedStatement.executeUpdate(JdbcPreparedStatement.java:174)
	at com.zaxxer.hikari.pool.ProxyPreparedStatement.executeUpdate(ProxyPreparedStatement.java:61)
	at com.zaxxer.hikari.pool.HikariProxyPreparedStatement.executeUpdate(HikariProxyPreparedStatement.java)
	at org.hibernate.engine.jdbc.internal.ResultSetReturnImpl.executeUpdate(ResultSetReturnImpl.java:194)
	... 40 more
]]></error>
    <system-out><![CDATA[2024-02-15T16:04:25.674+01:00  WARN 5981 --- [           main] o.h.engine.jdbc.spi.SqlExceptionHelper   : SQL Error: 23505, SQLState: 23505
2024-02-15T16:04:25.674+01:00 ERROR 5981 --- [           main] o.h.engine.jdbc.spi.SqlExceptionHelper   : Unique index or primary key violation: "PRIMARY KEY ON PUBLIC.MEASURE(ID) ( /* key:1 */ 8, 0, 0, 5, 8, 436, 7, 8, CAST(1 AS BIGINT), 'QPP263')"; SQL statement:
insert into measure (entry_hour,entry_millisecond,entry_minute,entry_second,exit_hour,exit_millisecond,exit_minute,exit_second,license_plate,id) values (?,?,?,?,?,?,?,?,?,?) [23505-224]
]]></system-out>
  </testcase>
</testsuite>